<?xml version="1.0" encoding="UTF-8"?>
<!-- Generated by org.testng.reporters.JUnitXMLReporter -->
<testsuite ignored="0" hostname="DESKTOP-8VBQBS3" failures="1" tests="1" name="chromeTest(failed)" time="26.629" errors="0" timestamp="2025-12-21T02:18:40 IST">
  <testcase classname="testCases.TestcaseLogin" name="verifyLogin" time="12.713">
    <failure type="java.lang.AssertionError" message="expected [true] but found [false]">
      <![CDATA[java.lang.AssertionError: expected [true] but found [false]
at testCases.TestcaseLogin.verifyLogin(TestcaseLogin.java:41)
at java.base/java.util.ArrayList.forEach(ArrayList.java:1596)
... Removed 29 stack frames]]>
    </failure>
  </testcase> <!-- verifyLogin -->
</testsuite> <!-- chromeTest(failed) -->
