<?xml version="1.0" encoding="UTF-8"?>
<testng-results ignored="0" total="2" passed="2" failed="0" skipped="0">
  <reporter-output>
  </reporter-output>
  <suite started-at="2025-12-24T17:50:28 IST" name="Suite" finished-at="2025-12-24T17:50:49 IST" duration-ms="20484">
    <groups>
      <group name="regression">
        <method signature="TestcaseHome.verify()[pri:0, instance:testCases.TestcaseHome@689604d9]" name="verify" class="testCases.TestcaseHome"/>
      </group> <!-- regression -->
      <group name="sanity">
        <method signature="TestcaseLogin.verifyLogin()[pri:0, instance:testCases.TestcaseLogin@313ac989]" name="verifyLogin" class="testCases.TestcaseLogin"/>
      </group> <!-- sanity -->
      <group name="master">
        <method signature="TestcaseHome.verify()[pri:0, instance:testCases.TestcaseHome@689604d9]" name="verify" class="testCases.TestcaseHome"/>
        <method signature="TestcaseLogin.verifyLogin()[pri:0, instance:testCases.TestcaseLogin@313ac989]" name="verifyLogin" class="testCases.TestcaseLogin"/>
      </group> <!-- master -->
    </groups>
    <test started-at="2025-12-24T17:50:28 IST" name="chromeTest" finished-at="2025-12-24T17:50:49 IST" duration-ms="20484">
      <class name="testCases.TestcaseHome">
        <test-method is-config="true" signature="setup(java.lang.String,java.lang.String)[pri:0, instance:testCases.TestcaseHome@689604d9]" started-at="2025-12-24T17:50:29 IST" name="setup" finished-at="2025-12-24T17:50:37 IST" duration-ms="8341" status="PASS">
          <params>
            <param index="0">
              <value>
                <![CDATA[windows]]>
              </value>
            </param>
            <param index="1">
              <value>
                <![CDATA[chrome]]>
              </value>
            </param>
          </params>
          <reporter-output>
          </reporter-output>
        </test-method> <!-- setup -->
        <test-method signature="verify()[pri:0, instance:testCases.TestcaseHome@689604d9]" started-at="2025-12-24T17:50:37 IST" name="verify" finished-at="2025-12-24T17:50:40 IST" duration-ms="2958" status="PASS">
          <reporter-output>
          </reporter-output>
        </test-method> <!-- verify -->
        <test-method is-config="true" signature="teardown()[pri:0, instance:testCases.TestcaseHome@689604d9]" started-at="2025-12-24T17:50:40 IST" name="teardown" finished-at="2025-12-24T17:50:40 IST" duration-ms="272" status="PASS">
          <reporter-output>
          </reporter-output>
        </test-method> <!-- teardown -->
      </class> <!-- testCases.TestcaseHome -->
      <class name="testCases.TestcaseLogin">
        <test-method is-config="true" signature="setup(java.lang.String,java.lang.String)[pri:0, instance:testCases.TestcaseLogin@313ac989]" started-at="2025-12-24T17:50:40 IST" name="setup" finished-at="2025-12-24T17:50:46 IST" duration-ms="5564" status="PASS">
          <params>
            <param index="0">
              <value>
                <![CDATA[windows]]>
              </value>
            </param>
            <param index="1">
              <value>
                <![CDATA[chrome]]>
              </value>
            </param>
          </params>
          <reporter-output>
          </reporter-output>
        </test-method> <!-- setup -->
        <test-method signature="verifyLogin()[pri:0, instance:testCases.TestcaseLogin@313ac989]" started-at="2025-12-24T17:50:46 IST" name="verifyLogin" finished-at="2025-12-24T17:50:48 IST" duration-ms="2605" status="PASS">
          <reporter-output>
          </reporter-output>
        </test-method> <!-- verifyLogin -->
        <test-method is-config="true" signature="teardown()[pri:0, instance:testCases.TestcaseLogin@313ac989]" started-at="2025-12-24T17:50:48 IST" name="teardown" finished-at="2025-12-24T17:50:49 IST" duration-ms="208" status="PASS">
          <reporter-output>
          </reporter-output>
        </test-method> <!-- teardown -->
      </class> <!-- testCases.TestcaseLogin -->
    </test> <!-- chromeTest -->
  </suite> <!-- Suite -->
</testng-results>
