<?xml version="1.0" encoding="UTF-8"?>
<testng-results ignored="0" total="2" passed="2" failed="0" skipped="0">
  <reporter-output>
  </reporter-output>
  <suite started-at="2025-12-25T01:00:48 IST" name="Suite" finished-at="2025-12-25T01:02:18 IST" duration-ms="89102">
    <groups>
      <group name="regression">
        <method signature="TestcaseHome.verify()[pri:0, instance:testCases.TestcaseHome@72bc6553]" name="verify" class="testCases.TestcaseHome"/>
      </group> <!-- regression -->
      <group name="sanity">
        <method signature="TestcaseLogin.verifyLogin()[pri:0, instance:testCases.TestcaseLogin@65987993]" name="verifyLogin" class="testCases.TestcaseLogin"/>
      </group> <!-- sanity -->
      <group name="master">
        <method signature="TestcaseHome.verify()[pri:0, instance:testCases.TestcaseHome@72bc6553]" name="verify" class="testCases.TestcaseHome"/>
        <method signature="TestcaseLogin.verifyLogin()[pri:0, instance:testCases.TestcaseLogin@65987993]" name="verifyLogin" class="testCases.TestcaseLogin"/>
      </group> <!-- master -->
    </groups>
    <test started-at="2025-12-25T01:00:48 IST" name="chromeTest" finished-at="2025-12-25T01:02:18 IST" duration-ms="89102">
      <class name="testCases.TestcaseHome">
        <test-method is-config="true" signature="setup(java.lang.String,java.lang.String)[pri:0, instance:testCases.TestcaseHome@72bc6553]" started-at="2025-12-25T01:00:51 IST" name="setup" finished-at="2025-12-25T01:01:30 IST" duration-ms="38574" status="PASS">
          <params>
            <param index="0">
              <value>
                <![CDATA[windows]]>
              </value>
            </param>
            <param index="1">
              <value>
                <![CDATA[chrome]]>
              </value>
            </param>
          </params>
          <reporter-output>
          </reporter-output>
        </test-method> <!-- setup -->
        <test-method signature="verify()[pri:0, instance:testCases.TestcaseHome@72bc6553]" started-at="2025-12-25T01:01:30 IST" name="verify" finished-at="2025-12-25T01:01:37 IST" duration-ms="7730" status="PASS">
          <reporter-output>
          </reporter-output>
        </test-method> <!-- verify -->
        <test-method is-config="true" signature="teardown()[pri:0, instance:testCases.TestcaseHome@72bc6553]" started-at="2025-12-25T01:01:37 IST" name="teardown" finished-at="2025-12-25T01:01:38 IST" duration-ms="976" status="PASS">
          <reporter-output>
          </reporter-output>
        </test-method> <!-- teardown -->
      </class> <!-- testCases.TestcaseHome -->
      <class name="testCases.TestcaseLogin">
        <test-method is-config="true" signature="setup(java.lang.String,java.lang.String)[pri:0, instance:testCases.TestcaseLogin@65987993]" started-at="2025-12-25T01:01:38 IST" name="setup" finished-at="2025-12-25T01:02:11 IST" duration-ms="32156" status="PASS">
          <params>
            <param index="0">
              <value>
                <![CDATA[windows]]>
              </value>
            </param>
            <param index="1">
              <value>
                <![CDATA[chrome]]>
              </value>
            </param>
          </params>
          <reporter-output>
          </reporter-output>
        </test-method> <!-- setup -->
        <test-method signature="verifyLogin()[pri:0, instance:testCases.TestcaseLogin@65987993]" started-at="2025-12-25T01:02:11 IST" name="verifyLogin" finished-at="2025-12-25T01:02:17 IST" duration-ms="6452" status="PASS">
          <reporter-output>
          </reporter-output>
        </test-method> <!-- verifyLogin -->
        <test-method is-config="true" signature="teardown()[pri:0, instance:testCases.TestcaseLogin@65987993]" started-at="2025-12-25T01:02:17 IST" name="teardown" finished-at="2025-12-25T01:02:18 IST" duration-ms="585" status="PASS">
          <reporter-output>
          </reporter-output>
        </test-method> <!-- teardown -->
      </class> <!-- testCases.TestcaseLogin -->
    </test> <!-- chromeTest -->
  </suite> <!-- Suite -->
</testng-results>
