<?xml version="1.0" encoding="UTF-8"?>
<testng-results ignored="0" total="1" passed="1" failed="0" skipped="0">
  <reporter-output>
  </reporter-output>
  <suite started-at="2025-12-24T00:53:00 IST" name="Suite" finished-at="2025-12-24T00:53:13 IST" duration-ms="13151">
    <groups>
      <group name="sanity">
        <method signature="TestcaseLogin.verifyLogin()[pri:0, instance:testCases.TestcaseLogin@312aa7c]" name="verifyLogin" class="testCases.TestcaseLogin"/>
      </group> <!-- sanity -->
      <group name="master">
        <method signature="TestcaseLogin.verifyLogin()[pri:0, instance:testCases.TestcaseLogin@312aa7c]" name="verifyLogin" class="testCases.TestcaseLogin"/>
      </group> <!-- master -->
    </groups>
    <test started-at="2025-12-24T00:53:00 IST" name="chromeTest" finished-at="2025-12-24T00:53:13 IST" duration-ms="13151">
      <class name="testCases.TestcaseLogin">
        <test-method is-config="true" signature="setup(java.lang.String,java.lang.String)[pri:0, instance:testCases.TestcaseLogin@312aa7c]" started-at="2025-12-24T00:53:01 IST" name="setup" finished-at="2025-12-24T00:53:10 IST" duration-ms="9080" status="PASS">
          <params>
            <param index="0">
              <value>
                <![CDATA[windows]]>
              </value>
            </param>
            <param index="1">
              <value>
                <![CDATA[chrome]]>
              </value>
            </param>
          </params>
          <reporter-output>
          </reporter-output>
        </test-method> <!-- setup -->
        <test-method signature="verifyLogin()[pri:0, instance:testCases.TestcaseLogin@312aa7c]" started-at="2025-12-24T00:53:10 IST" name="verifyLogin" finished-at="2025-12-24T00:53:13 IST" duration-ms="2746" status="PASS">
          <reporter-output>
          </reporter-output>
        </test-method> <!-- verifyLogin -->
        <test-method is-config="true" signature="teardown()[pri:0, instance:testCases.TestcaseLogin@312aa7c]" started-at="2025-12-24T00:53:13 IST" name="teardown" finished-at="2025-12-24T00:53:13 IST" duration-ms="241" status="PASS">
          <reporter-output>
          </reporter-output>
        </test-method> <!-- teardown -->
      </class> <!-- testCases.TestcaseLogin -->
    </test> <!-- chromeTest -->
  </suite> <!-- Suite -->
</testng-results>
